# JRE version: OpenJDK Runtime Environment Temurin-17.0.5+8 (17.0.5+8) (build 17.0.5+8)
# Java VM: OpenJDK 64-Bit Server VM Temurin-17.0.5+8 (17.0.5+8, mixed mode, emulated-client, tiered, compressed oops, compressed class ptrs, g1 gc, windows-amd64)
GC Precious Log:
 CPUs: 12 total, 12 available
 Memory: 16149M
 Large Page Support: Disabled
 NUMA Support: Disabled
 Compressed Oops: Enabled (Zero based)
 Heap Region Size: 2M
 Heap Min Capacity: 8M
 Heap Initial Capacity: 254M
 Heap Max Capacity: 4038M
 Pre-touch: Disabled
 Parallel Workers: 10
 Concurrent Workers: 3
 Concurrent Refinement Workers: 10
 Periodic GC: Disabled
Heap:
 garbage-first heap   total 260096K, used 63977K [0x0000000703a00000, 0x0000000800000000)
  region size 2048K, 2 young (4096K), 2 survivors (4096K)
 Metaspace       used 36538K, committed 36928K, reserved 1089536K
  class space    used 4808K, committed 4992K, reserved 1048576K
GC Heap History (20 events):
Event: 1.621 GC heap after
{Heap after GC invocations=3 (full 0):
 garbage-first heap   total 260096K, used 11764K [0x0000000703a00000, 0x0000000800000000)
  region size 2048K, 3 young (6144K), 3 survivors (6144K)
 Metaspace       used 21324K, committed 21504K, reserved 1073152K
  class space    used 2613K, committed 2688K, reserved 1048576K
}
Event: 2.404 GC heap before
{Heap before GC invocations=4 (full 0):
 garbage-first heap   total 55296K, used 36340K [0x0000000703a00000, 0x0000000800000000)
  region size 2048K, 16 young (32768K), 3 survivors (6144K)
 Metaspace       used 25338K, committed 25536K, reserved 1073152K
  class space    used 3153K, committed 3264K, reserved 1048576K
}
Event: 2.408 GC heap after
{Heap after GC invocations=5 (full 0):
 garbage-first heap   total 55296K, used 13230K [0x0000000703a00000, 0x0000000800000000)
  region size 2048K, 1 young (2048K), 1 survivors (2048K)
 Metaspace       used 25338K, committed 25536K, reserved 1073152K
  class space    used 3153K, committed 3264K, reserved 1048576K
}
Event: 2.481 GC heap before
{Heap before GC invocations=5 (full 0):
 garbage-first heap   total 55296K, used 15278K [0x0000000703a00000, 0x0000000800000000)
  region size 2048K, 2 young (4096K), 1 survivors (2048K)
 Metaspace       used 25606K, committed 25856K, reserved 1073152K
  class space    used 3190K, committed 3328K, reserved 1048576K
}
Event: 2.483 GC heap after
{Heap after GC invocations=6 (full 0):
 garbage-first heap   total 55296K, used 13750K [0x0000000703a00000, 0x0000000800000000)
  region size 2048K, 1 young (2048K), 1 survivors (2048K)
 Metaspace       used 25606K, committed 25856K, reserved 1073152K
  class space    used 3190K, committed 3328K, reserved 1048576K
}
Event: 4.104 GC heap before
{Heap before GC invocations=6 (full 0):
 garbage-first heap   total 55296K, used 32182K [0x0000000703a00000, 0x0000000800000000)
  region size 2048K, 11 young (22528K), 1 survivors (2048K)
 Metaspace       used 28835K, committed 29184K, reserved 1081344K
  class space    used 3664K, committed 3840K, reserved 1048576K
}
Event: 4.108 GC heap after
{Heap after GC invocations=7 (full 0):
 garbage-first heap   total 55296K, used 17227K [0x0000000703a00000, 0x0000000800000000)
  region size 2048K, 2 young (4096K), 2 survivors (4096K)
 Metaspace       used 28835K, committed 29184K, reserved 1081344K
  class space    used 3664K, committed 3840K, reserved 1048576K
}
Event: 4.793 GC heap before
{Heap before GC invocations=7 (full 0):
 garbage-first heap   total 55296K, used 33611K [0x0000000703a00000, 0x0000000800000000)
  region size 2048K, 11 young (22528K), 2 survivors (4096K)
 Metaspace       used 32449K, committed 32832K, reserved 1081344K
  class space    used 4162K, committed 4352K, reserved 1048576K
}
Event: 4.797 GC heap after
{Heap after GC invocations=8 (full 0):
 garbage-first heap   total 55296K, used 17592K [0x0000000703a00000, 0x0000000800000000)
  region size 2048K, 2 young (4096K), 2 survivors (4096K)
 Metaspace       used 32449K, committed 32832K, reserved 1081344K
  class space    used 4162K, committed 4352K, reserved 1048576K
}
Event: 5.196 GC heap before
{Heap before GC invocations=8 (full 0):
 garbage-first heap   total 55296K, used 33976K [0x0000000703a00000, 0x0000000800000000)
  region size 2048K, 11 young (22528K), 2 survivors (4096K)
 Metaspace       used 35693K, committed 35968K, reserved 1081344K
  class space    used 4674K, committed 4800K, reserved 1048576K
}
Event: 5.198 GC heap after
{Heap after GC invocations=9 (full 0):
 garbage-first heap   total 55296K, used 19011K [0x0000000703a00000, 0x0000000800000000)
  region size 2048K, 2 young (4096K), 2 survivors (4096K)
 Metaspace       used 35693K, committed 35968K, reserved 1081344K
  class space    used 4674K, committed 4800K, reserved 1048576K
}
Event: 5.295 GC heap before
{Heap before GC invocations=10 (full 0):
 garbage-first heap   total 55296K, used 35395K [0x0000000703a00000, 0x0000000800000000)
  region size 2048K, 11 young (22528K), 2 survivors (4096K)
 Metaspace       used 36214K, committed 36672K, reserved 1081344K
  class space    used 4759K, committed 4992K, reserved 1048576K
}
Event: 5.298 GC heap after
{Heap after GC invocations=11 (full 0):
 garbage-first heap   total 157696K, used 21928K [0x0000000703a00000, 0x0000000800000000)
  region size 2048K, 2 young (4096K), 2 survivors (4096K)
 Metaspace       used 36214K, committed 36672K, reserved 1081344K
  class space    used 4759K, committed 4992K, reserved 1048576K
}
Event: 5.302 GC heap before
{Heap before GC invocations=11 (full 0):
 garbage-first heap   total 157696K, used 23976K [0x0000000703a00000, 0x0000000800000000)
  region size 2048K, 3 young (6144K), 2 survivors (4096K)
 Metaspace       used 36214K, committed 36672K, reserved 1081344K
  class space    used 4759K, committed 4992K, reserved 1048576K
}
Event: 5.305 GC heap after
{Heap after GC invocations=12 (full 0):
 garbage-first heap   total 157696K, used 22366K [0x0000000703a00000, 0x0000000800000000)
  region size 2048K, 1 young (2048K), 1 survivors (2048K)
 Metaspace       used 36214K, committed 36672K, reserved 1081344K
  class space    used 4759K, committed 4992K, reserved 1048576K
}
Event: 5.686 GC heap before
{Heap before GC invocations=12 (full 0):
 garbage-first heap   total 157696K, used 106334K [0x0000000703a00000, 0x0000000800000000)
  region size 2048K, 43 young (88064K), 1 survivors (2048K)
 Metaspace       used 36419K, committed 36800K, reserved 1081344K
  class space    used 4794K, committed 4992K, reserved 1048576K
}
Event: 5.694 GC heap after
{Heap after GC invocations=13 (full 0):
 garbage-first heap   total 157696K, used 40885K [0x0000000703a00000, 0x0000000800000000)
  region size 2048K, 6 young (12288K), 6 survivors (12288K)
 Metaspace       used 36419K, committed 36800K, reserved 1081344K
  class space    used 4794K, committed 4992K, reserved 1048576K
}
Event: 6.164 GC heap before
{Heap before GC invocations=13 (full 0):
 garbage-first heap   total 157696K, used 98229K [0x0000000703a00000, 0x0000000800000000)
  region size 2048K, 35 young (71680K), 6 survivors (12288K)
 Metaspace       used 36526K, committed 36928K, reserved 1089536K
  class space    used 4807K, committed 4992K, reserved 1048576K
}
Event: 6.182 GC heap after
{Heap after GC invocations=14 (full 0):
 garbage-first heap   total 157696K, used 59352K [0x0000000703a00000, 0x0000000800000000)
  region size 2048K, 5 young (10240K), 5 survivors (10240K)
 Metaspace       used 36526K, committed 36928K, reserved 1089536K
  class space    used 4807K, committed 4992K, reserved 1048576K
}
Event: 6.243 GC heap before
{Heap before GC invocations=14 (full 0):
 garbage-first heap   total 157696K, used 102360K [0x0000000703a00000, 0x0000000800000000)
  region size 2048K, 27 young (55296K), 5 survivors (10240K)
 Metaspace       used 36538K, committed 36928K, reserved 1089536K
  class space    used 4808K, committed 4992K, reserved 1048576K
}

