# JRE version: OpenJDK Runtime Environment Temurin-17.0.5+8 (17.0.5+8) (build 17.0.5+8)
# Java VM: OpenJDK 64-Bit Server VM Temurin-17.0.5+8 (17.0.5+8, mixed mode, emulated-client, tiered, compressed oops, compressed class ptrs, g1 gc, windows-amd64)
GC Precious Log:
 CPUs: 12 total, 12 available
 Memory: 16149M
 Large Page Support: Disabled
 NUMA Support: Disabled
 Compressed Oops: Enabled (Zero based)
 Heap Region Size: 2M
 Heap Min Capacity: 8M
 Heap Initial Capacity: 254M
 Heap Max Capacity: 4038M
 Pre-touch: Disabled
 Parallel Workers: 10
 Concurrent Workers: 3
 Concurrent Refinement Workers: 10
 Periodic GC: Disabled
Heap:
 garbage-first heap   total 143360K, used 40298K [0x0000000703a00000, 0x0000000800000000)
  region size 2048K, 1 young (2048K), 0 survivors (0K)
 Metaspace       used 67971K, committed 68608K, reserved 1114112K
  class space    used 9203K, committed 9472K, reserved 1048576K
GC Heap History (20 events):
Event: 17290.131 GC heap before
{Heap before GC invocations=1695 (full 1668):
 garbage-first heap   total 143360K, used 40298K [0x0000000703a00000, 0x0000000800000000)
  region size 2048K, 1 young (2048K), 0 survivors (0K)
 Metaspace       used 67971K, committed 68608K, reserved 1114112K
  class space    used 9203K, committed 9472K, reserved 1048576K
}
Event: 17290.150 GC heap after
{Heap after GC invocations=1696 (full 1669):
 garbage-first heap   total 143360K, used 40298K [0x0000000703a00000, 0x0000000800000000)
  region size 2048K, 0 young (0K), 0 survivors (0K)
 Metaspace       used 67971K, committed 68608K, reserved 1114112K
  class space    used 9203K, committed 9472K, reserved 1048576K
}
Event: 17300.218 GC heap before
{Heap before GC invocations=1696 (full 1669):
 garbage-first heap   total 143360K, used 40298K [0x0000000703a00000, 0x0000000800000000)
  region size 2048K, 1 young (2048K), 0 survivors (0K)
 Metaspace       used 67971K, committed 68608K, reserved 1114112K
  class space    used 9203K, committed 9472K, reserved 1048576K
}
Event: 17300.237 GC heap after
{Heap after GC invocations=1697 (full 1670):
 garbage-first heap   total 143360K, used 40298K [0x0000000703a00000, 0x0000000800000000)
  region size 2048K, 0 young (0K), 0 survivors (0K)
 Metaspace       used 67971K, committed 68608K, reserved 1114112K
  class space    used 9203K, committed 9472K, reserved 1048576K
}
Event: 17310.304 GC heap before
{Heap before GC invocations=1697 (full 1670):
 garbage-first heap   total 143360K, used 40298K [0x0000000703a00000, 0x0000000800000000)
  region size 2048K, 1 young (2048K), 0 survivors (0K)
 Metaspace       used 67971K, committed 68608K, reserved 1114112K
  class space    used 9203K, committed 9472K, reserved 1048576K
}
Event: 17310.323 GC heap after
{Heap after GC invocations=1698 (full 1671):
 garbage-first heap   total 143360K, used 40298K [0x0000000703a00000, 0x0000000800000000)
  region size 2048K, 0 young (0K), 0 survivors (0K)
 Metaspace       used 67971K, committed 68608K, reserved 1114112K
  class space    used 9203K, committed 9472K, reserved 1048576K
}
Event: 17320.388 GC heap before
{Heap before GC invocations=1698 (full 1671):
 garbage-first heap   total 143360K, used 40298K [0x0000000703a00000, 0x0000000800000000)
  region size 2048K, 1 young (2048K), 0 survivors (0K)
 Metaspace       used 67971K, committed 68608K, reserved 1114112K
  class space    used 9203K, committed 9472K, reserved 1048576K
}
Event: 17320.408 GC heap after
{Heap after GC invocations=1699 (full 1672):
 garbage-first heap   total 143360K, used 40298K [0x0000000703a00000, 0x0000000800000000)
  region size 2048K, 0 young (0K), 0 survivors (0K)
 Metaspace       used 67971K, committed 68608K, reserved 1114112K
  class space    used 9203K, committed 9472K, reserved 1048576K
}
Event: 17330.476 GC heap before
{Heap before GC invocations=1699 (full 1672):
 garbage-first heap   total 143360K, used 40298K [0x0000000703a00000, 0x0000000800000000)
  region size 2048K, 1 young (2048K), 0 survivors (0K)
 Metaspace       used 67971K, committed 68608K, reserved 1114112K
  class space    used 9203K, committed 9472K, reserved 1048576K
}
Event: 17330.497 GC heap after
{Heap after GC invocations=1700 (full 1673):
 garbage-first heap   total 143360K, used 40298K [0x0000000703a00000, 0x0000000800000000)
  region size 2048K, 0 young (0K), 0 survivors (0K)
 Metaspace       used 67971K, committed 68608K, reserved 1114112K
  class space    used 9203K, committed 9472K, reserved 1048576K
}
Event: 17340.563 GC heap before
{Heap before GC invocations=1700 (full 1673):
 garbage-first heap   total 143360K, used 40298K [0x0000000703a00000, 0x0000000800000000)
  region size 2048K, 1 young (2048K), 0 survivors (0K)
 Metaspace       used 67971K, committed 68608K, reserved 1114112K
  class space    used 9203K, committed 9472K, reserved 1048576K
}
Event: 17340.582 GC heap after
{Heap after GC invocations=1701 (full 1674):
 garbage-first heap   total 143360K, used 40298K [0x0000000703a00000, 0x0000000800000000)
  region size 2048K, 0 young (0K), 0 survivors (0K)
 Metaspace       used 67971K, committed 68608K, reserved 1114112K
  class space    used 9203K, committed 9472K, reserved 1048576K
}
Event: 17350.640 GC heap before
{Heap before GC invocations=1701 (full 1674):
 garbage-first heap   total 143360K, used 40298K [0x0000000703a00000, 0x0000000800000000)
  region size 2048K, 1 young (2048K), 0 survivors (0K)
 Metaspace       used 67971K, committed 68608K, reserved 1114112K
  class space    used 9203K, committed 9472K, reserved 1048576K
}
Event: 17350.659 GC heap after
{Heap after GC invocations=1702 (full 1675):
 garbage-first heap   total 143360K, used 40298K [0x0000000703a00000, 0x0000000800000000)
  region size 2048K, 0 young (0K), 0 survivors (0K)
 Metaspace       used 67971K, committed 68608K, reserved 1114112K
  class space    used 9203K, committed 9472K, reserved 1048576K
}
Event: 17360.719 GC heap before
{Heap before GC invocations=1702 (full 1675):
 garbage-first heap   total 143360K, used 40298K [0x0000000703a00000, 0x0000000800000000)
  region size 2048K, 1 young (2048K), 0 survivors (0K)
 Metaspace       used 67971K, committed 68608K, reserved 1114112K
  class space    used 9203K, committed 9472K, reserved 1048576K
}
Event: 17360.738 GC heap after
{Heap after GC invocations=1703 (full 1676):
 garbage-first heap   total 143360K, used 40298K [0x0000000703a00000, 0x0000000800000000)
  region size 2048K, 0 young (0K), 0 survivors (0K)
 Metaspace       used 67971K, committed 68608K, reserved 1114112K
  class space    used 9203K, committed 9472K, reserved 1048576K
}
Event: 17370.798 GC heap before
{Heap before GC invocations=1703 (full 1676):
 garbage-first heap   total 143360K, used 40298K [0x0000000703a00000, 0x0000000800000000)
  region size 2048K, 1 young (2048K), 0 survivors (0K)
 Metaspace       used 67971K, committed 68608K, reserved 1114112K
  class space    used 9203K, committed 9472K, reserved 1048576K
}
Event: 17370.817 GC heap after
{Heap after GC invocations=1704 (full 1677):
 garbage-first heap   total 143360K, used 40298K [0x0000000703a00000, 0x0000000800000000)
  region size 2048K, 0 young (0K), 0 survivors (0K)
 Metaspace       used 67971K, committed 68608K, reserved 1114112K
  class space    used 9203K, committed 9472K, reserved 1048576K
}
Event: 17380.880 GC heap before
{Heap before GC invocations=1704 (full 1677):
 garbage-first heap   total 143360K, used 40298K [0x0000000703a00000, 0x0000000800000000)
  region size 2048K, 1 young (2048K), 0 survivors (0K)
 Metaspace       used 67971K, committed 68608K, reserved 1114112K
  class space    used 9203K, committed 9472K, reserved 1048576K
}
Event: 17380.900 GC heap after
{Heap after GC invocations=1705 (full 1678):
 garbage-first heap   total 143360K, used 40298K [0x0000000703a00000, 0x0000000800000000)
  region size 2048K, 0 young (0K), 0 survivors (0K)
 Metaspace       used 67971K, committed 68608K, reserved 1114112K
  class space    used 9203K, committed 9472K, reserved 1048576K
}

